<?xml version="1.0" encoding="UTF-8"?>
<!-- Generated by org.testng.reporters.JUnitReportReporter -->
<testsuite hostname="SagarPC" failures="0" tests="2" name="TestLayer.HomePageTest" time="0.063" errors="0" timestamp="2023-07-09T14:15:14 IST" skipped="0">
  <testcase classname="TestLayer.HomePageTest" name="validateHomePageTitle" time="0.039"/>
  <system-out/>
  <testcase classname="TestLayer.HomePageTest" name="validateHomePageUrl" time="0.024"/>
  <system-out/>
</testsuite> <!-- TestLayer.HomePageTest -->
