<?xml version="1.0" encoding="UTF-8"?>
<!-- Generated by org.testng.reporters.JUnitReportReporter -->
<testsuite hostname="SagarPC" failures="0" tests="1" name="TestLayer.LoginPage" time="0.459" errors="0" timestamp="2023-07-09T14:15:14 IST" skipped="0">
  <testcase classname="TestLayer.LoginPage" name="loginFunctionality" time="0.459"/>
  <system-out/>
</testsuite> <!-- TestLayer.LoginPage -->
