<?xml version="1.0" encoding="UTF-8"?>
<!-- Generated by org.testng.reporters.JUnitReportReporter -->
<testsuite hostname="SagarPC" failures="0" tests="10" name="TestLayer.ContactPageTest" time="59.854" errors="0" timestamp="2023-07-09T14:15:14 IST" skipped="0">
  <testcase classname="TestLayer.ContactPageTest" name="validUserCreate" time="5.986"/>
  <system-out/>
  <testcase classname="TestLayer.ContactPageTest" name="validUserCreate" time="5.633"/>
  <system-out/>
  <testcase classname="TestLayer.ContactPageTest" name="validUserCreate" time="5.832"/>
  <system-out/>
  <testcase classname="TestLayer.ContactPageTest" name="validUserCreate" time="5.266"/>
  <system-out/>
  <testcase classname="TestLayer.ContactPageTest" name="validUserCreate" time="5.834"/>
  <system-out/>
  <testcase classname="TestLayer.ContactPageTest" name="validUserCreate" time="5.247"/>
  <system-out/>
  <testcase classname="TestLayer.ContactPageTest" name="validUserCreate" time="5.909"/>
  <system-out/>
  <testcase classname="TestLayer.ContactPageTest" name="validUserCreate" time="6.214"/>
  <system-out/>
  <testcase classname="TestLayer.ContactPageTest" name="validUserCreate" time="6.703"/>
  <system-out/>
  <testcase classname="TestLayer.ContactPageTest" name="validUserCreate" time="7.230"/>
  <system-out/>
</testsuite> <!-- TestLayer.ContactPageTest -->
