<?xml version="1.0" encoding="UTF-8"?>
<!-- Generated by org.testng.reporters.JUnitReportReporter -->
<testsuite hostname="DESKTOP-4G6V73A" failures="0" tests="1" name="TestLayer.LoginPageTest" time="0.009" errors="0" timestamp="2023-07-03T09:08:56 IST" skipped="0">
  <testcase classname="TestLayer.LoginPageTest" name="loginFunctionality" time="0.009"/>
  <system-out/>
</testsuite> <!-- TestLayer.LoginPageTest -->
