<?xml version="1.0" encoding="UTF-8"?>
<!-- Generated by org.testng.reporters.JUnitReportReporter -->
<testsuite hostname="DESKTOP-4G6V73A" failures="0" tests="3" name="TestLayer.AdminPageTest" time="0.004" errors="0" timestamp="2023-07-03T20:53:02 IST" skipped="0">
  <testcase classname="TestLayer.AdminPageTest" name="addUser" time="0.001"/>
  <system-out/>
  <testcase classname="TestLayer.AdminPageTest" name="searchUser" time="0.002"/>
  <system-out/>
  <testcase classname="TestLayer.AdminPageTest" name="deleteUser" time="0.001"/>
  <system-out/>
</testsuite> <!-- TestLayer.AdminPageTest -->
