<?xml version="1.0" encoding="UTF-8"?>
<!-- Generated by org.testng.reporters.JUnitReportReporter -->
<testsuite hostname="SagarPC" failures="0" tests="3" name="TestLayer.LogPageTest" time="4.802" errors="0" timestamp="2023-07-18T11:19:40 IST" skipped="0">
  <testcase classname="TestLayer.LogPageTest" name="validateContactInfo" time="1.990"/>
  <system-out/>
  <testcase classname="TestLayer.LogPageTest" name="validMailingInfo" time="0.519"/>
  <system-out/>
  <testcase classname="TestLayer.LogPageTest" name="validUserInfo" time="2.293"/>
  <system-out/>
</testsuite> <!-- TestLayer.LogPageTest -->
