<?xml version="1.0" encoding="UTF-8"?>
<!-- Generated by org.testng.reporters.JUnitReportReporter -->
<testsuite hostname="DESKTOP-4G6V73A" failures="0" tests="3" name="TestLayer.HomePageTest" time="0.509" errors="0" timestamp="2023-07-03T20:53:02 IST" skipped="0">
  <testcase classname="TestLayer.HomePageTest" name="validateHomePageLogo" time="0.408"/>
  <system-out/>
  <testcase classname="TestLayer.HomePageTest" name="validateHomePageTitle" time="0.035"/>
  <system-out/>
  <testcase classname="TestLayer.HomePageTest" name="validateHomePageUrl" time="0.066"/>
  <system-out/>
</testsuite> <!-- TestLayer.HomePageTest -->
