<?xml version="1.0" encoding="UTF-8"?>
<!-- Generated by org.testng.reporters.JUnitReportReporter -->
<testsuite hostname="DESKTOP-4G6V73A" failures="0" tests="4" name="TestLayer.PIMPageTest" time="40.346" errors="0" timestamp="2023-07-03T20:53:02 IST" skipped="1">
  <testcase classname="TestLayer.PIMPageTest" name="addNewEmployee" time="8.335"/>
  <system-out/>
  <testcase classname="TestLayer.PIMPageTest" name="addMoreDetails" time="25.863"/>
  <system-out/>
  <testcase classname="TestLayer.PIMPageTest" name="searchEmployee" time="6.148"/>
  <system-out/>
  <testcase classname="TestLayer.PIMPageTest" name="deleteEmployee">
    <skipped/>
  </testcase> <!-- deleteEmployee -->
  <system-out/>
</testsuite> <!-- TestLayer.PIMPageTest -->
