<?xml version="1.0" encoding="UTF-8"?>
<!-- Generated by org.testng.reporters.JUnitReportReporter -->
<testsuite hostname="SagarPC" failures="0" tests="3" name="ParalleTesting.Demo1" time="70.308" errors="0" timestamp="2023-08-08T21:28:30 IST" skipped="0">
  <testcase classname="ParalleTesting.Demo1" name="google" time="26.334"/>
  <system-out/>
  <testcase classname="ParalleTesting.Demo1" name="facebook" time="21.818"/>
  <system-out/>
  <testcase classname="ParalleTesting.Demo1" name="orangehrm" time="22.156"/>
  <system-out/>
</testsuite> <!-- ParalleTesting.Demo1 -->
