<?xml version="1.0" encoding="UTF-8"?>
<!-- Generated by org.testng.reporters.JUnitReportReporter -->
<testsuite hostname="SagarPC" failures="0" tests="5" name="Guru99.RegisterPageTestClass" time="2.558" errors="0" timestamp="2023-07-17T12:36:06 IST" skipped="0">
  <testcase classname="Guru99.RegisterPageTestClass" name="validateURL" time="0.022"/>
  <system-out/>
  <testcase classname="Guru99.RegisterPageTestClass" name="validateTitle" time="0.032"/>
  <system-out/>
  <testcase classname="Guru99.RegisterPageTestClass" name="contactInformation" time="0.678"/>
  <system-out/>
  <testcase classname="Guru99.RegisterPageTestClass" name="mailingInformation" time="0.541"/>
  <system-out/>
  <testcase classname="Guru99.RegisterPageTestClass" name="userInformation" time="1.285"/>
  <system-out/>
</testsuite> <!-- Guru99.RegisterPageTestClass -->
