<?xml version="1.0" encoding="UTF-8"?>
<!-- Generated by org.testng.reporters.JUnitReportReporter -->
<testsuite hostname="SagarPC" failures="0" tests="1" name="ParallelClasses.Pune1" time="66.255" errors="0" timestamp="2023-07-05T22:08:52 IST" skipped="0">
  <testcase classname="ParallelClasses.Pune1" name="oranehrm1" time="66.255"/>
  <system-out/>
</testsuite> <!-- ParallelClasses.Pune1 -->
