<?xml version="1.0" encoding="UTF-8"?>
<!-- Generated by org.testng.reporters.JUnitReportReporter -->
<testsuite hostname="SagarPC" failures="0" tests="3" name="Tutorial.Demo1" time="58.151" errors="0" timestamp="2023-08-08T21:32:35 IST" skipped="0">
  <testcase classname="Tutorial.Demo1" name="google" time="21.632"/>
  <system-out/>
  <testcase classname="Tutorial.Demo1" name="facebook" time="17.464"/>
  <system-out/>
  <testcase classname="Tutorial.Demo1" name="orangehrm" time="19.055"/>
  <system-out/>
</testsuite> <!-- Tutorial.Demo1 -->
