<?xml version="1.0" encoding="UTF-8"?>
<!-- Generated by org.testng.reporters.JUnitReportReporter -->
<testsuite hostname="SagarPC" failures="0" tests="8" name="Assignment.Assignment1" time="1.707" errors="0" timestamp="2023-07-01T08:53:51 IST" skipped="0">
  <testcase classname="Assignment.Assignment1" name="loginPage" time="0.449"/>
  <system-out/>
  <testcase classname="Assignment.Assignment1" name="caputeHomePageTile" time="0.013"/>
  <system-out/>
  <testcase classname="Assignment.Assignment1" name="capturePageURL" time="0.017"/>
  <system-out/>
  <testcase classname="Assignment.Assignment1" name="addCartProduct" time="0.318"/>
  <system-out/>
  <testcase classname="Assignment.Assignment1" name="CartContainerAndCheckOut" time="0.228"/>
  <system-out/>
  <testcase classname="Assignment.Assignment1" name="checkOutInfo" time="0.467"/>
  <system-out/>
  <testcase classname="Assignment.Assignment1" name="checkOutOverview" time="0.199"/>
  <system-out/>
  <testcase classname="Assignment.Assignment1" name="HomePageTile" time="0.016"/>
  <system-out/>
</testsuite> <!-- Assignment.Assignment1 -->
