<?xml version="1.0" encoding="UTF-8"?>
<!-- Generated by org.testng.reporters.JUnitReportReporter -->
<testsuite hostname="SagarPC" failures="0" tests="3" name="Guru99.LoginPageTest" time="3.222" errors="0" timestamp="2023-07-17T12:36:06 IST" skipped="0">
  <testcase classname="Guru99.LoginPageTest" name="validateUserOnLoingPage" time="0.135"/>
  <system-out/>
  <testcase classname="Guru99.LoginPageTest" name="enterUserName" time="3.022"/>
  <system-out/>
  <testcase classname="Guru99.LoginPageTest" name="loginSucessful" time="0.065"/>
  <system-out/>
</testsuite> <!-- Guru99.LoginPageTest -->
