<?xml version="1.0" encoding="UTF-8"?>
<!-- Generated by org.testng.reporters.JUnitReportReporter -->
<testsuite hostname="SagarPC" failures="0" tests="3" name="Tutorial.Demo2" time="92.029" errors="0" timestamp="2023-08-08T21:32:35 IST" skipped="0">
  <testcase classname="Tutorial.Demo2" name="orangehrm1" time="34.538"/>
  <system-out/>
  <testcase classname="Tutorial.Demo2" name="orangehrm2" time="28.689"/>
  <system-out/>
  <testcase classname="Tutorial.Demo2" name="orangehrm3" time="28.802"/>
  <system-out/>
</testsuite> <!-- Tutorial.Demo2 -->
