<?xml version="1.0" encoding="UTF-8"?>
<!-- Generated by org.testng.reporters.JUnitReportReporter -->
<testsuite hostname="SagarPC" failures="0" tests="1" name="Tutorial1.Demo1" time="6.556" errors="0" timestamp="2023-08-08T19:40:28 IST" skipped="0">
  <testcase classname="Tutorial1.Demo1" name="s1" time="6.556"/>
  <system-out/>
</testsuite> <!-- Tutorial1.Demo1 -->
