<?xml version="1.0" encoding="UTF-8"?>
<!-- Generated by org.testng.reporters.JUnitReportReporter -->
<testsuite hostname="SagarPC" failures="0" tests="1" name="ParallelClasses.Demo1" time="35.974" errors="0" timestamp="2023-07-05T22:08:53 IST" skipped="0">
  <testcase classname="ParallelClasses.Demo1" name="oranehrm1" time="35.974"/>
  <system-out/>
</testsuite> <!-- ParallelClasses.Demo1 -->
