<?xml version="1.0" encoding="UTF-8"?>
<!-- Generated by org.testng.reporters.JUnitReportReporter -->
<testsuite hostname="SagarPC" failures="0" tests="3" name="Tutorial1.PrallelTesting" time="71.475" errors="0" timestamp="2023-08-08T23:50:38 IST" skipped="0">
  <testcase classname="Tutorial1.PrallelTesting" name="parallelTesting" time="14.242"/>
  <system-out/>
  <testcase classname="Tutorial1.PrallelTesting" name="parallelTesting" time="36.052"/>
  <system-out/>
  <testcase classname="Tutorial1.PrallelTesting" name="parallelTesting" time="21.181"/>
  <system-out/>
</testsuite> <!-- Tutorial1.PrallelTesting -->
