<?xml version="1.0" encoding="UTF-8"?>
<!-- Generated by org.testng.reporters.JUnitReportReporter -->
<testsuite hostname="SagarPC" failures="0" tests="2" name="Listener.Demo1" time="0.057" errors="0" timestamp="2023-07-17T00:14:41 IST" skipped="0">
  <testcase classname="Listener.Demo1" name="m2" time="0.004"/>
  <system-out/>
  <testcase classname="Listener.Demo1" name="m1" time="0.053"/>
  <system-out/>
</testsuite> <!-- Listener.Demo1 -->
