<?xml version="1.0" encoding="UTF-8"?>
<!-- Generated by org.testng.reporters.JUnitReportReporter -->
<testsuite hostname="SagarPC" failures="0" tests="2" name="Guru99.RegisterSucessTest" time="0.244" errors="0" timestamp="2023-07-17T12:36:06 IST" skipped="0">
  <testcase classname="Guru99.RegisterSucessTest" name="validateSuccessPageURL" time="0.018"/>
  <system-out/>
  <testcase classname="Guru99.RegisterSucessTest" name="userName" time="0.226"/>
  <system-out/>
</testsuite> <!-- Guru99.RegisterSucessTest -->
