<?xml version="1.0" encoding="UTF-8"?>
<!-- Generated by org.testng.reporters.JUnitReportReporter -->
<testsuite hostname="SagarPC" failures="0" tests="2" name="ParametersTest.ParrallelTest" time="45.659" errors="0" timestamp="2023-08-08T20:32:20 IST" skipped="0">
  <testcase classname="ParametersTest.ParrallelTest" name="oranehrm1" time="18.297"/>
  <system-out/>
  <testcase classname="ParametersTest.ParrallelTest" name="oranehrm1" time="27.362"/>
  <system-out/>
</testsuite> <!-- ParametersTest.ParrallelTest -->
