<?xml version="1.0" encoding="UTF-8"?>
<!-- Generated by org.testng.reporters.JUnitReportReporter -->
<testsuite hostname="SagarPC" failures="0" tests="5" name="Assignment.InvocationCount" time="46.708" errors="0" timestamp="2023-08-09T01:05:49 IST" skipped="0">
  <testcase classname="Assignment.InvocationCount" name="abc" time="10.212"/>
  <system-out/>
  <testcase classname="Assignment.InvocationCount" name="abc" time="10.132"/>
  <system-out/>
  <testcase classname="Assignment.InvocationCount" name="abc" time="10.881"/>
  <system-out/>
  <testcase classname="Assignment.InvocationCount" name="abc" time="10.898"/>
  <system-out/>
  <testcase classname="Assignment.InvocationCount" name="abc" time="4.585"/>
  <system-out/>
</testsuite> <!-- Assignment.InvocationCount -->
